<?xml version="1.0" encoding="UTF-8"?>
<!-- Generated by org.testng.reporters.JUnitReportReporter -->
<testsuite skipped="0" hostname="SCA-WS038L" name="Tests.LoginTetst" tests="3" failures="0" timestamp="19 sep 2017 15:31:18 GMT" time="46.200" errors="0">
  <testcase name="IncorrectLogin" time="15.803" classname="Tests.LoginTetst"/>
  <testcase name="CorrectLogin" time="16.089" classname="Tests.LoginTetst"/>
  <testcase name="LoginTest" time="14.308" classname="Tests.LoginTetst"/>
</testsuite> <!-- Tests.LoginTetst -->
