<?xml version="1.0" encoding="UTF-8"?>
<!-- Generated by org.testng.reporters.JUnitReportReporter -->
<testsuite skipped="0" hostname="SCA-WS038L" name="Tests.RegisterTest" tests="1" failures="0" timestamp="19 sep 2017 16:04:34 GMT" time="16.342" errors="0">
  <testcase name="LoginTest" time="16.342" classname="Tests.RegisterTest"/>
</testsuite> <!-- Tests.RegisterTest -->
