<?xml version="1.0" encoding="UTF-8"?>
<!-- Generated by org.testng.reporters.JUnitReportReporter -->
<testsuite skipped="0" hostname="SCA-WS531" name="Tests.RegisterTests" tests="4" failures="0" timestamp="20 Nov 2017 20:21:29 GMT" time="30.767" errors="0">
  <testcase name="UsernameTaken" time="6.201" classname="Tests.RegisterTests"/>
  <testcase name="MandatoryFields" time="6.094" classname="Tests.RegisterTests"/>
  <testcase name="RegisterPageDisplayed" time="8.815" classname="Tests.RegisterTests"/>
  <testcase name="PasswordsMismach" time="9.657" classname="Tests.RegisterTests"/>
</testsuite> <!-- Tests.RegisterTests -->
