<?xml version="1.0" encoding="UTF-8"?>
<!-- Generated by org.testng.reporters.JUnitReportReporter -->
<testsuite skipped="0" hostname="SCA-WS531" name="Tests.AnnotationsTest" tests="2" failures="0" timestamp="20 Nov 2017 20:21:29 GMT" time="20.523" errors="0">
  <testcase name="Test02" time="8.113" classname="Tests.AnnotationsTest"/>
  <testcase name="Test01" time="12.410" classname="Tests.AnnotationsTest"/>
</testsuite> <!-- Tests.AnnotationsTest -->
